1731527454812|0|statement|select t1_0.projet_id,t1_0.task_id,t1_0.status,t1_0.title,t1_0.users_id from task t1_0 where t1_0.projet_id=1
1731527454812|0|statement|select t1_0.projet_id,t1_0.task_id,t1_0.status,t1_0.title,t1_0.users_id from task t1_0 where t1_0.projet_id=2
1731527454813|0|statement|select t1_0.projet_id,t1_0.task_id,t1_0.status,t1_0.title,t1_0.users_id from task t1_0 where t1_0.projet_id=3
1731527454813|0|statement|select t1_0.projet_id,t1_0.task_id,t1_0.status,t1_0.title,t1_0.users_id from task t1_0 where t1_0.projet_id=4
1731527454814|0|statement|select t1_0.projet_id,t1_0.task_id,t1_0.status,t1_0.title,t1_0.users_id from task t1_0 where t1_0.projet_id=5
1731527758267|0|statement|insert into projet (description,name) values ('Description du projet','Nouveau Projet')
1731527758273|4|commit|
1731527758277|3|statement|REFRESH MATERIALIZED VIEW projet_task_count
1731527772434|0|statement|select p1_0.projet_id,p1_0.description,p1_0.name from projet p1_0 where p1_0.projet_id=1
1731527772438|0|statement|select t1_0.projet_id,t1_0.task_id,t1_0.status,t1_0.title,t1_0.users_id from task t1_0 where t1_0.projet_id=1
1731527772441|1|statement|select u1_0.projet_id,u1_1.users_id,u1_1.email,u1_1.name,t1_0.task_id,t1_0.projet_id,t1_0.status,t1_0.title from users_projet u1_0 join users u1_1 on u1_1.users_id=u1_0.users_id left join task t1_0 on u1_1.users_id=t1_0.users_id where u1_0.projet_id=1
1731527772448|1|statement|delete from projet where projet_id=1
1731527772449|0|commit|
1731527777733|0|statement|select p1_0.projet_id,p1_0.description,p1_0.name from projet p1_0 where p1_0.projet_id=1
1731527777733|0|commit|
1731527781397|0|statement|select p1_0.projet_id,p1_0.description,p1_0.name from projet p1_0 offset 0 rows fetch first 5 rows only
1731527781398|0|statement|select count(p1_0.projet_id) from projet p1_0
1731527781399|0|commit|
1731527781399|0|statement|select t1_0.projet_id,t1_0.task_id,t1_0.status,t1_0.title,t1_0.users_id from task t1_0 where t1_0.projet_id=2
1731527781400|0|statement|select t1_0.projet_id,t1_0.task_id,t1_0.status,t1_0.title,t1_0.users_id from task t1_0 where t1_0.projet_id=3
1731527781400|0|statement|select t1_0.projet_id,t1_0.task_id,t1_0.status,t1_0.title,t1_0.users_id from task t1_0 where t1_0.projet_id=4
1731527781401|0|statement|select t1_0.projet_id,t1_0.task_id,t1_0.status,t1_0.title,t1_0.users_id from task t1_0 where t1_0.projet_id=5
1731527781401|0|statement|select t1_0.projet_id,t1_0.task_id,t1_0.status,t1_0.title,t1_0.users_id from task t1_0 where t1_0.projet_id=6
1731527821124|0|statement|select p1_0.projet_id,p1_0.description,p1_0.name from projet p1_0 offset 0 rows fetch first 5 rows only
1731527821125|0|statement|select count(p1_0.projet_id) from projet p1_0
1731527821127|0|commit|
1731527821128|0|statement|select t1_0.projet_id,t1_0.task_id,t1_0.status,t1_0.title,t1_0.users_id from task t1_0 where t1_0.projet_id=2
1731527821128|0|statement|select t1_0.projet_id,t1_0.task_id,t1_0.status,t1_0.title,t1_0.users_id from task t1_0 where t1_0.projet_id=3
1731527821128|0|statement|select t1_0.projet_id,t1_0.task_id,t1_0.status,t1_0.title,t1_0.users_id from task t1_0 where t1_0.projet_id=4
1731527821129|0|statement|select t1_0.projet_id,t1_0.task_id,t1_0.status,t1_0.title,t1_0.users_id from task t1_0 where t1_0.projet_id=5
1731527821129|0|statement|select t1_0.projet_id,t1_0.task_id,t1_0.status,t1_0.title,t1_0.users_id from task t1_0 where t1_0.projet_id=6
1731527828613|0|statement|select p1_0.projet_id,p1_0.description,p1_0.name from projet p1_0 offset 0 rows fetch first 2 rows only
1731527828614|0|statement|select count(p1_0.projet_id) from projet p1_0
1731527828615|0|commit|
1731527828615|0|statement|select t1_0.projet_id,t1_0.task_id,t1_0.status,t1_0.title,t1_0.users_id from task t1_0 where t1_0.projet_id=2
1731527828616|0|statement|select t1_0.projet_id,t1_0.task_id,t1_0.status,t1_0.title,t1_0.users_id from task t1_0 where t1_0.projet_id=3
1731527929345|3|statement|select * from information_schema.sequences
1731527929379|0|statement|select * from "public"."projet" where 1=0
1731527929385|0|statement|select * from "public"."users" where 1=0
1731527929395|0|statement|select * from "public"."projet" where 1=0
1731527929396|0|statement|select * from "public"."users" where 1=0
1731527931993|1|statement|select ptc1_0.projet_id,ptc1_0.name,ptc1_0.task_count from projet_task_count ptc1_0
1731527932004|0|commit|
1731528043485|4|statement|select * from information_schema.sequences
1731528043519|0|statement|select * from "public"."projet" where 1=0
1731528043525|0|statement|select * from "public"."users" where 1=0
1731528043535|0|statement|select * from "public"."projet" where 1=0
1731528043537|0|statement|select * from "public"."users" where 1=0
1731528052589|1|statement|select ptc1_0.projet_id,ptc1_0.name,ptc1_0.task_count from projet_task_count ptc1_0 offset 0 rows fetch first 5 rows only
1731528052603|0|statement|select count(ptc1_0.projet_id) from projet_task_count ptc1_0
1731528052605|0|commit|
1731528070297|0|statement|select ptc1_0.projet_id,ptc1_0.name,ptc1_0.task_count from projet_task_count ptc1_0 offset 0 rows fetch first 1 rows only
1731528070298|0|statement|select count(ptc1_0.projet_id) from projet_task_count ptc1_0
1731528070299|0|commit|
1731528076760|0|statement|select ptc1_0.projet_id,ptc1_0.name,ptc1_0.task_count from projet_task_count ptc1_0 offset 0 rows fetch first 5 rows only
1731528076762|0|statement|select count(ptc1_0.projet_id) from projet_task_count ptc1_0
1731528076762|0|commit|
1731528156352|4|statement|select * from information_schema.sequences
1731528156388|0|statement|select * from "public"."projet" where 1=0
1731528156393|0|statement|select * from "public"."users" where 1=0
1731528156405|0|statement|select * from "public"."projet" where 1=0
1731528156407|0|statement|select * from "public"."users" where 1=0
1731528159549|1|statement|insert into users (email,name) values ('exemple@domaine.com',NULL)
1731528159575|10|commit|
1731528170489|0|statement|select u1_0.users_id,u1_0.email,u1_0.name from users u1_0 offset 0 rows fetch first 5 rows only
1731528170496|0|statement|select t1_0.task_id,t1_0.projet_id,t1_0.status,t1_0.title,t1_0.users_id from task t1_0 where t1_0.users_id=1
1731528170499|0|statement|select t1_0.task_id,t1_0.projet_id,t1_0.status,t1_0.title,t1_0.users_id from task t1_0 where t1_0.users_id=2
1731528170499|0|statement|select t1_0.task_id,t1_0.projet_id,t1_0.status,t1_0.title,t1_0.users_id from task t1_0 where t1_0.users_id=3
1731528170500|0|statement|select t1_0.task_id,t1_0.projet_id,t1_0.status,t1_0.title,t1_0.users_id from task t1_0 where t1_0.users_id=4
1731528170500|0|statement|select t1_0.task_id,t1_0.projet_id,t1_0.status,t1_0.title,t1_0.users_id from task t1_0 where t1_0.users_id=5
1731528170508|0|statement|select count(u1_0.users_id) from users u1_0
1731528170509|0|commit|
1731528170513|0|statement|select p1_0.users_id,p1_1.projet_id,p1_1.description,p1_1.name from users_projet p1_0 join projet p1_1 on p1_1.projet_id=p1_0.projet_id where p1_0.users_id=1
1731528170514|0|statement|select p1_0.users_id,p1_1.projet_id,p1_1.description,p1_1.name from users_projet p1_0 join projet p1_1 on p1_1.projet_id=p1_0.projet_id where p1_0.users_id=2
1731528170515|0|statement|select p1_0.users_id,p1_1.projet_id,p1_1.description,p1_1.name from users_projet p1_0 join projet p1_1 on p1_1.projet_id=p1_0.projet_id where p1_0.users_id=3
1731528170515|0|statement|select p1_0.users_id,p1_1.projet_id,p1_1.description,p1_1.name from users_projet p1_0 join projet p1_1 on p1_1.projet_id=p1_0.projet_id where p1_0.users_id=4
1731528170516|0|statement|select p1_0.users_id,p1_1.projet_id,p1_1.description,p1_1.name from users_projet p1_0 join projet p1_1 on p1_1.projet_id=p1_0.projet_id where p1_0.users_id=5
1731528240166|5|statement|select * from information_schema.sequences
1731528240208|0|statement|select * from "public"."projet" where 1=0
1731528240216|0|statement|select * from "public"."users" where 1=0
1731528240228|0|statement|select * from "public"."projet" where 1=0
1731528240231|0|statement|select * from "public"."users" where 1=0
1731528249127|1|statement|insert into task (projet_id,status,title,users_id) values (NULL,NULL,NULL,NULL)
1731528249149|11|commit|
1731528263777|0|statement|select t1_0.task_id,t1_0.projet_id,t1_0.status,t1_0.title,t1_0.users_id from task t1_0 offset 0 rows fetch first 1 rows only
1731528263787|0|statement|select count(t1_0.task_id) from task t1_0
1731528263788|0|commit|
1731528267605|0|statement|select t1_0.task_id,t1_0.projet_id,t1_0.status,t1_0.title,t1_0.users_id from task t1_0 offset 0 rows fetch first 10 rows only
1731528267607|0|statement|select count(t1_0.task_id) from task t1_0
1731528267607|0|commit|
1731529137416|4|statement|select * from information_schema.sequences
1731529137454|0|statement|select * from "public"."projet" where 1=0
1731529137461|0|statement|select * from "public"."users" where 1=0
1731529137472|0|statement|select * from "public"."projet" where 1=0
1731529137474|0|statement|select * from "public"."users" where 1=0
1731529862876|4|statement|select * from information_schema.sequences
1731529862912|0|statement|select * from "public"."projet" where 1=0
1731529862918|0|statement|select * from "public"."users" where 1=0
1731529862930|0|statement|select * from "public"."projet" where 1=0
1731529862932|0|statement|select * from "public"."users" where 1=0
1731529974436|1|statement|select t1_0.task_id,t1_0.projet_id,t1_0.status,t1_0.title,t1_0.users_id from task t1_0 offset 0 rows fetch first 10 rows only
1731529974453|0|statement|select count(t1_0.task_id) from task t1_0
1731529974455|0|commit|
1731529993315|4|statement|select * from information_schema.sequences
1731529993350|0|statement|select * from "public"."projet" where 1=0
1731529993356|0|statement|select * from "public"."users" where 1=0
1731529993366|0|statement|select * from "public"."projet" where 1=0
1731529993368|0|statement|select * from "public"."users" where 1=0
1731529997663|2|statement|select t1_0.task_id,t1_0.projet_id,t1_0.status,t1_0.title,t1_0.users_id from task t1_0 offset 0 rows fetch first 10 rows only
1731529997682|0|statement|select count(t1_0.task_id) from task t1_0
1731529997685|0|commit|
1731530154125|0|statement|select u1_0.users_id,u1_0.email,u1_0.name from users u1_0 offset 0 rows fetch first 5 rows only
1731530154134|0|statement|select t1_0.task_id,t1_0.projet_id,t1_0.status,t1_0.title,t1_0.users_id from task t1_0 where t1_0.users_id=1
1731530154135|0|statement|select t1_0.task_id,t1_0.projet_id,t1_0.status,t1_0.title,t1_0.users_id from task t1_0 where t1_0.users_id=2
1731530154136|0|statement|select t1_0.task_id,t1_0.projet_id,t1_0.status,t1_0.title,t1_0.users_id from task t1_0 where t1_0.users_id=3
1731530154137|0|statement|select t1_0.task_id,t1_0.projet_id,t1_0.status,t1_0.title,t1_0.users_id from task t1_0 where t1_0.users_id=4
1731530154137|0|statement|select t1_0.task_id,t1_0.projet_id,t1_0.status,t1_0.title,t1_0.users_id from task t1_0 where t1_0.users_id=5
1731530154138|0|statement|select count(u1_0.users_id) from users u1_0
1731530154138|0|commit|
1731530154143|0|statement|select p1_0.users_id,p1_1.projet_id,p1_1.description,p1_1.name from users_projet p1_0 join projet p1_1 on p1_1.projet_id=p1_0.projet_id where p1_0.users_id=1
1731530154144|0|statement|select p1_0.users_id,p1_1.projet_id,p1_1.description,p1_1.name from users_projet p1_0 join projet p1_1 on p1_1.projet_id=p1_0.projet_id where p1_0.users_id=2
1731530154145|0|statement|select p1_0.users_id,p1_1.projet_id,p1_1.description,p1_1.name from users_projet p1_0 join projet p1_1 on p1_1.projet_id=p1_0.projet_id where p1_0.users_id=3
1731530154145|0|statement|select p1_0.users_id,p1_1.projet_id,p1_1.description,p1_1.name from users_projet p1_0 join projet p1_1 on p1_1.projet_id=p1_0.projet_id where p1_0.users_id=4
1731530154146|0|statement|select p1_0.users_id,p1_1.projet_id,p1_1.description,p1_1.name from users_projet p1_0 join projet p1_1 on p1_1.projet_id=p1_0.projet_id where p1_0.users_id=5
1731530164846|0|statement|select p1_0.projet_id,p1_0.description,p1_0.name from projet p1_0 offset 0 rows fetch first 5 rows only
1731530164847|0|statement|select count(p1_0.projet_id) from projet p1_0
1731530164848|0|commit|
1731530164849|0|statement|select t1_0.projet_id,t1_0.task_id,t1_0.status,t1_0.title,t1_0.users_id from task t1_0 where t1_0.projet_id=2
1731530164849|0|statement|select t1_0.projet_id,t1_0.task_id,t1_0.status,t1_0.title,t1_0.users_id from task t1_0 where t1_0.projet_id=3
1731530164850|0|statement|select t1_0.projet_id,t1_0.task_id,t1_0.status,t1_0.title,t1_0.users_id from task t1_0 where t1_0.projet_id=4
1731530164851|0|statement|select t1_0.projet_id,t1_0.task_id,t1_0.status,t1_0.title,t1_0.users_id from task t1_0 where t1_0.projet_id=5
1731530164851|0|statement|select t1_0.projet_id,t1_0.task_id,t1_0.status,t1_0.title,t1_0.users_id from task t1_0 where t1_0.projet_id=6
1731530244482|0|statement|select ptc1_0.projet_id,ptc1_0.name,ptc1_0.task_count from projet_task_count ptc1_0 offset 0 rows fetch first 5 rows only
1731530244484|0|statement|select count(ptc1_0.projet_id) from projet_task_count ptc1_0
1731530244484|0|commit|
1731530310042|0|statement|select p1_0.projet_id,p1_0.description,p1_0.name from projet p1_0 where p1_0.name='ProjetName'
1731530372599|0|statement|select t1_0.task_id,t1_0.projet_id,t1_0.status,t1_0.title,t1_0.users_id from task t1_0 where t1_0.title='TaskTitle'
--------

1731530540522|0|statement|select t1_0.task_id,t1_0.projet_id,t1_0.status,t1_0.title,t1_0.users_id from task t1_0 where t1_0.title='YourTaskTitle'
1731530551551|0|statement|select t1_0.task_id,t1_0.projet_id,t1_0.status,t1_0.title,t1_0.users_id from task t1_0 where t1_0.title='sdfgsdfg'
